{
  "stats": {
    "suites": 1,
    "tests": 5,
    "passes": 4,
    "pending": 0,
    "failures": 1,
    "start": "2024-07-31T14:53:42.566Z",
    "end": "2024-07-31T14:53:42.576Z",
    "duration": 10,
    "testsRegistered": 5,
    "passPercent": 80,
    "pendingPercent": 0,
    "other": 0,
    "hasOther": false,
    "skipped": 0,
    "hasSkipped": false
  },
  "results": [
    {
      "uuid": "d8d2a837-bb0d-4583-ac28-7ef9633ec99e",
      "title": "",
      "fullFile": "D:\\shreya\\download\\st tool\\st tool\\mochademo\\test\\app.spec.js",
      "file": "\\test\\app.spec.js",
      "beforeHooks": [],
      "afterHooks": [],
      "tests": [],
      "suites": [
        {
          "uuid": "dbcec4d4-12c2-4ae6-b2d3-6b2e2a0cfaca",
          "title": "ShoppingCart",
          "fullFile": "D:\\shreya\\download\\st tool\\st tool\\mochademo\\test\\app.spec.js",
          "file": "\\test\\app.spec.js",
          "beforeHooks": [
            {
              "title": "\"before each\" hook in \"ShoppingCart\"",
              "fullTitle": "ShoppingCart \"before each\" hook in \"ShoppingCart\"",
              "timedOut": false,
              "duration": 0,
              "state": null,
              "speed": null,
              "pass": false,
              "fail": false,
              "pending": false,
              "context": null,
              "code": "cart = new ShoppingCart();",
              "err": {},
              "uuid": "bfa60d36-9b64-4600-b8a6-6d061e7f1f26",
              "parentUUID": "dbcec4d4-12c2-4ae6-b2d3-6b2e2a0cfaca",
              "isHook": true,
              "skipped": false
            }
          ],
          "afterHooks": [],
          "tests": [
            {
              "title": "should add items to the cart",
              "fullTitle": "ShoppingCart should add items to the cart",
              "timedOut": false,
              "duration": 1,
              "state": "failed",
              "speed": null,
              "pass": false,
              "fail": true,
              "pending": false,
              "context": null,
              "code": "cart.addItem({ name: \"Apple\", price: 1.0 });\ncart.addItem({ name: \"Banana\", price: 0.5 });\nexpect(cart.getItemCount()).to.equal(3);",
              "err": {
                "message": "AssertionError: expected 2 to equal 3",
                "estack": "AssertionError: expected 2 to equal 3\n    at Context.<anonymous> (file:///D:/shreya/download/st%20tool/st%20tool/mochademo/test/app.spec.js:71:36)\n    at process.processImmediate (node:internal/timers:478:21)",
                "diff": "- 2\n+ 3\n"
              },
              "uuid": "0606a7e4-7931-482a-b19d-415d88e6b93d",
              "parentUUID": "dbcec4d4-12c2-4ae6-b2d3-6b2e2a0cfaca",
              "isHook": false,
              "skipped": false
            },
            {
              "title": "should remove items from the cart",
              "fullTitle": "ShoppingCart should remove items from the cart",
              "timedOut": false,
              "duration": 0,
              "state": "passed",
              "speed": "fast",
              "pass": true,
              "fail": false,
              "pending": false,
              "context": null,
              "code": "cart.addItem({ name: \"Apple\", price: 1.0 });\ncart.addItem({ name: \"Banana\", price: 0.5 });\ncart.removeItem(\"Apple\");\nexpect(cart.getItemCount()).to.equal(1);\nexpect(cart.getItems()[0].name).to.equal(\"Banana\");",
              "err": {},
              "uuid": "7466b1a2-fd5a-47f5-8446-5611c2dd1b97",
              "parentUUID": "dbcec4d4-12c2-4ae6-b2d3-6b2e2a0cfaca",
              "isHook": false,
              "skipped": false
            },
            {
              "title": "should calculate the total price of items in the cart",
              "fullTitle": "ShoppingCart should calculate the total price of items in the cart",
              "timedOut": false,
              "duration": 0,
              "state": "passed",
              "speed": "fast",
              "pass": true,
              "fail": false,
              "pending": false,
              "context": null,
              "code": "cart.addItem({ name: \"Apple\", price: 1.0 });\ncart.addItem({ name: \"Banana\", price: 0.5 });\nexpect(cart.getTotal()).to.equal(1.5);",
              "err": {},
              "uuid": "1ca903a0-ae79-4a58-916e-9da16c91b7b9",
              "parentUUID": "dbcec4d4-12c2-4ae6-b2d3-6b2e2a0cfaca",
              "isHook": false,
              "skipped": false
            },
            {
              "title": "should return the correct number of items",
              "fullTitle": "ShoppingCart should return the correct number of items",
              "timedOut": false,
              "duration": 0,
              "state": "passed",
              "speed": "fast",
              "pass": true,
              "fail": false,
              "pending": false,
              "context": null,
              "code": "cart.addItem({ name: \"Apple\", price: 1.0 });\ncart.addItem({ name: \"Banana\", price: 0.5 });\nexpect(cart.getItemCount()).to.equal(2);",
              "err": {},
              "uuid": "303cc492-7826-4bc4-ad6a-d42e3261f986",
              "parentUUID": "dbcec4d4-12c2-4ae6-b2d3-6b2e2a0cfaca",
              "isHook": false,
              "skipped": false
            },
            {
              "title": "should return all items in the cart",
              "fullTitle": "ShoppingCart should return all items in the cart",
              "timedOut": false,
              "duration": 1,
              "state": "passed",
              "speed": "fast",
              "pass": true,
              "fail": false,
              "pending": false,
              "context": null,
              "code": "cart.addItem({ name: \"Apple\", price: 1.0 });\ncart.addItem({ name: \"Banana\", price: 0.5 });\nconst items = cart.getItems();\nexpect(items).to.have.lengthOf(2);\nexpect(items[0].name).to.equal(\"Apple\");\nexpect(items[1].name).to.equal(\"Banana\");",
              "err": {},
              "uuid": "43abe695-a458-483b-9db2-b41e39d7dbb4",
              "parentUUID": "dbcec4d4-12c2-4ae6-b2d3-6b2e2a0cfaca",
              "isHook": false,
              "skipped": false
            }
          ],
          "suites": [],
          "passes": [
            "7466b1a2-fd5a-47f5-8446-5611c2dd1b97",
            "1ca903a0-ae79-4a58-916e-9da16c91b7b9",
            "303cc492-7826-4bc4-ad6a-d42e3261f986",
            "43abe695-a458-483b-9db2-b41e39d7dbb4"
          ],
          "failures": [
            "0606a7e4-7931-482a-b19d-415d88e6b93d"
          ],
          "pending": [],
          "skipped": [],
          "duration": 2,
          "root": false,
          "rootEmpty": false,
          "_timeout": 2000
        }
      ],
      "passes": [],
      "failures": [],
      "pending": [],
      "skipped": [],
      "duration": 0,
      "root": true,
      "rootEmpty": true,
      "_timeout": 2000
    }
  ],
  "meta": {
    "mocha": {
      "version": "10.6.0"
    },
    "mochawesome": {
      "options": {
        "quiet": false,
        "reportFilename": "Test_Report",
        "saveHtml": true,
        "saveJson": true,
        "consoleReporter": "spec",
        "useInlineDiffs": false,
        "code": true
      },
      "version": "7.1.3"
    },
    "marge": {
      "options": {
        "reportDir": "Report",
        "reportFilename": "Test_Report"
      },
      "version": "6.2.0"
    }
  }
}